08:33:12 **** Incremental Build of configuration Debug for project lab4 ****
make -j12 all 
arm-none-eabi-gcc "../Core/Src/main.c" -mcpu=cortex-m3 -std=gnu11 -g3 -DDEBUG -DUSE_HAL_DRIVER -DSTM32F103x6 -c -I../Core/Inc -I../Drivers/STM32F1xx_HAL_Driver/Inc -I../Drivers/STM32F1xx_HAL_Driver/Inc/Legacy -I../Drivers/CMSIS/Device/ST/STM32F1xx/Include -I../Drivers/CMSIS/Include -O0 -ffunction-sections -fdata-sections -Wall -fstack-usage -MMD -MP -MF"Core/Src/main.d" -MT"Core/Src/main.o" --specs=nano.specs -mfloat-abi=soft -mthumb -o "Core/Src/main.o"
../Core/Src/main.c: In function 'main':
../Core/Src/main.c:99:4: warning: implicit declaration of function 'SCH_Dispatch_Tasks' [-Wimplicit-function-declaration]
   99 |    SCH_Dispatch_Tasks();
      |    ^~~~~~~~~~~~~~~~~~
arm-none-eabi-gcc -o "lab4.elf" @"objects.list"   -mcpu=cortex-m3 -T"D:\Workspace\VXL\Lab 4\Code\lab4\STM32F103C6UX_FLASH.ld" --specs=nosys.specs -Wl,-Map="lab4.map" -Wl,--gc-sections -static --specs=nano.specs -mfloat-abi=soft -mthumb -Wl,--start-group -lc -lm -Wl,--end-group
e:\program files (x86)\stm32cubeide_1.7.0\stm32cubeide\plugins\com.st.stm32cube.ide.mcu.externaltools.gnu-tools-for-stm32.9-2020-q2-update.win32_2.0.0.202105311346\tools\arm-none-eabi\bin\ld.exe: ./Core/Src/main.o: in function `main':
D:/Workspace/VXL/Lab 4/Code/lab4/Debug/../Core/Src/main.c:99: undefined reference to `SCH_Dispatch_Tasks'
collect2.exe: error: ld returned 1 exit status
make: *** [makefile:65: lab4.elf] Error 1
"make -j12 all" terminated with exit code 2. Build might be incomplete.

08:33:14 Build Failed. 3 errors, 1 warnings. (took 1s.923ms)

